[debug] [2022-06-24T19:56:23.407Z] ----------------------------------------------------------------------
[debug] [2022-06-24T19:56:23.409Z] Command:       C:\Program Files\nodejs\node.exe C:\Users\crist\AppData\Roaming\npm\node_modules\firebase-tools\lib\bin\firebase.js init
[debug] [2022-06-24T19:56:23.410Z] CLI Version:   11.1.0
[debug] [2022-06-24T19:56:23.410Z] Platform:      win32
[debug] [2022-06-24T19:56:23.410Z] Node Version:  v14.18.0
[debug] [2022-06-24T19:56:23.411Z] Time:          Fri Jun 24 2022 14:56:23 GMT-0500 (hora estándar de Colombia)
[debug] [2022-06-24T19:56:23.411Z] ----------------------------------------------------------------------
[debug] 
[debug] [2022-06-24T19:56:23.414Z] >>> [apiv2][query] GET https://firebase-public.firebaseio.com/cli.json [none]
[debug] [2022-06-24T19:56:23.442Z] > command requires scopes: ["email","openid","https://www.googleapis.com/auth/cloudplatformprojects.readonly","https://www.googleapis.com/auth/firebase","https://www.googleapis.com/auth/cloud-platform"]
[debug] [2022-06-24T19:56:23.442Z] > authorizing via signed-in user (cristiantorres1407@gmail.com)
[info] 
     ######## #### ########  ######## ########     ###     ######  ########
     ##        ##  ##     ## ##       ##     ##  ##   ##  ##       ##
     ######    ##  ########  ######   ########  #########  ######  ######
     ##        ##  ##    ##  ##       ##     ## ##     ##       ## ##
     ##       #### ##     ## ######## ########  ##     ##  ######  ########

You're about to initialize a Firebase project in this directory:

  C:\Users\crist\Documentos\PRUEBAS TECNICAS\app-marvel-comics

[debug] [2022-06-24T19:56:23.785Z] <<< [apiv2][status] GET https://firebase-public.firebaseio.com/cli.json 200
[debug] [2022-06-24T19:56:23.786Z] <<< [apiv2][body] GET https://firebase-public.firebaseio.com/cli.json {"cloudBuildErrorAfter":1594252800000,"cloudBuildWarnAfter":1590019200000,"defaultNode10After":1594252800000,"minVersion":"3.0.5","node8DeploysDisabledAfter":1613390400000,"node8RuntimeDisabledAfter":1615809600000,"node8WarnAfter":1600128000000}
[info] 
=== Project Setup
[info] 
[info] First, let's associate this project directory with a Firebase project.
[info] You can create multiple project aliases by running firebase use --add, 
[info] but for now we'll just set up a default project.
[info] 
[debug] [2022-06-24T20:03:25.831Z] > refreshing access token with scopes: []
[debug] [2022-06-24T20:03:25.842Z] >>> [apiv2][query] POST https://www.googleapis.com/oauth2/v3/token [none]
[debug] [2022-06-24T20:03:25.843Z] >>> [apiv2][body] POST https://www.googleapis.com/oauth2/v3/token [omitted]
[debug] [2022-06-24T20:03:26.093Z] <<< [apiv2][status] POST https://www.googleapis.com/oauth2/v3/token 200
[debug] [2022-06-24T20:03:26.094Z] <<< [apiv2][body] POST https://www.googleapis.com/oauth2/v3/token [omitted]
[debug] [2022-06-24T20:03:26.110Z] >>> [apiv2][query] GET https://firebase.googleapis.com/v1beta1/projects pageSize=100
[debug] [2022-06-24T20:03:26.586Z] <<< [apiv2][status] GET https://firebase.googleapis.com/v1beta1/projects 200
[debug] [2022-06-24T20:03:26.586Z] <<< [apiv2][body] GET https://firebase.googleapis.com/v1beta1/projects [omitted]
[info] i  Using project comics-marvel-97ebf (comics-marvel) 
[info] 
=== Hosting Setup
[info] 
[info] Your public directory is the folder (relative to your project directory) that
[info] will contain Hosting assets to be uploaded with firebase deploy. If you
[info] have a build process for your assets, use your build's output directory.
[info] 
